[0.378s] Invoking command in '/home/igsp-01/ros2_ws/src/ivan_1455_pkg': PYTHONPATH=/home/igsp-01/ros2_ws/src/ivan_1455_pkg/build/ivan_1455_pkg/prefix_override:/usr/lib/python3/dist-packages/colcon_core/task/python/colcon_distutils_commands:/home/igsp-01/ros2_ws/src/ivan_1455_pkg/install/ivan_1455_pkg/lib/python3.12/site-packages:${PYTHONPATH} /usr/bin/python3 -W ignore:setup.py install is deprecated -W ignore:easy_install command is deprecated setup.py egg_info --egg-base build/ivan_1455_pkg build --build-base /home/igsp-01/ros2_ws/src/ivan_1455_pkg/build/ivan_1455_pkg/build install --record /home/igsp-01/ros2_ws/src/ivan_1455_pkg/build/ivan_1455_pkg/install.log --single-version-externally-managed install_data
[0.502s] running egg_info
[0.510s] writing build/ivan_1455_pkg/ivan_1455_pkg.egg-info/PKG-INFO
[0.510s] writing dependency_links to build/ivan_1455_pkg/ivan_1455_pkg.egg-info/dependency_links.txt
[0.511s] writing entry points to build/ivan_1455_pkg/ivan_1455_pkg.egg-info/entry_points.txt
[0.511s] writing requirements to build/ivan_1455_pkg/ivan_1455_pkg.egg-info/requires.txt
[0.511s] writing top-level names to build/ivan_1455_pkg/ivan_1455_pkg.egg-info/top_level.txt
[0.526s] reading manifest file 'build/ivan_1455_pkg/ivan_1455_pkg.egg-info/SOURCES.txt'
[0.527s] writing manifest file 'build/ivan_1455_pkg/ivan_1455_pkg.egg-info/SOURCES.txt'
[0.527s] running build
[0.527s] running build_py
[0.527s] running install
[0.531s] running install_lib
[0.539s] byte-compiling /home/igsp-01/ros2_ws/src/ivan_1455_pkg/install/ivan_1455_pkg/lib/python3.12/site-packages/ivan_1455_pkg/overflow_listener.py to overflow_listener.cpython-312.pyc
[0.540s] running install_data
[0.540s] running install_egg_info
[0.540s]   File "/home/igsp-01/ros2_ws/src/ivan_1455_pkg/install/ivan_1455_pkg/lib/python3.12/site-packages/ivan_1455_pkg/overflow_listener.py", line 19
[0.540s]     def callback(self, msg)
[0.540s]                            ^
[0.540s] SyntaxError: expected ':'
[0.540s] 
[0.548s] removing '/home/igsp-01/ros2_ws/src/ivan_1455_pkg/install/ivan_1455_pkg/lib/python3.12/site-packages/ivan_1455_pkg-0.0.0-py3.12.egg-info' (and everything under it)
[0.548s] Copying build/ivan_1455_pkg/ivan_1455_pkg.egg-info to /home/igsp-01/ros2_ws/src/ivan_1455_pkg/install/ivan_1455_pkg/lib/python3.12/site-packages/ivan_1455_pkg-0.0.0-py3.12.egg-info
[0.549s] running install_scripts
[0.610s] Installing even_number_publisher script to /home/igsp-01/ros2_ws/src/ivan_1455_pkg/install/ivan_1455_pkg/lib/ivan_1455_pkg
[0.611s] writing list of installed files to '/home/igsp-01/ros2_ws/src/ivan_1455_pkg/build/ivan_1455_pkg/install.log'
[0.626s] Invoked command in '/home/igsp-01/ros2_ws/src/ivan_1455_pkg' returned '0': PYTHONPATH=/home/igsp-01/ros2_ws/src/ivan_1455_pkg/build/ivan_1455_pkg/prefix_override:/usr/lib/python3/dist-packages/colcon_core/task/python/colcon_distutils_commands:/home/igsp-01/ros2_ws/src/ivan_1455_pkg/install/ivan_1455_pkg/lib/python3.12/site-packages:${PYTHONPATH} /usr/bin/python3 -W ignore:setup.py install is deprecated -W ignore:easy_install command is deprecated setup.py egg_info --egg-base build/ivan_1455_pkg build --build-base /home/igsp-01/ros2_ws/src/ivan_1455_pkg/build/ivan_1455_pkg/build install --record /home/igsp-01/ros2_ws/src/ivan_1455_pkg/build/ivan_1455_pkg/install.log --single-version-externally-managed install_data
