[0.381s] Invoking command in '/home/igsp-01/ros2_ws/src/ivan_1455_pkg': PYTHONPATH=/home/igsp-01/ros2_ws/src/ivan_1455_pkg/build/ivan_1455_pkg/prefix_override:/usr/lib/python3/dist-packages/colcon_core/task/python/colcon_distutils_commands:/home/igsp-01/ros2_ws/src/ivan_1455_pkg/install/ivan_1455_pkg/lib/python3.12/site-packages:${PYTHONPATH} /usr/bin/python3 -W ignore:setup.py install is deprecated -W ignore:easy_install command is deprecated setup.py egg_info --egg-base build/ivan_1455_pkg build --build-base /home/igsp-01/ros2_ws/src/ivan_1455_pkg/build/ivan_1455_pkg/build install --record /home/igsp-01/ros2_ws/src/ivan_1455_pkg/build/ivan_1455_pkg/install.log --single-version-externally-managed install_data
[0.504s] running egg_info
[0.504s] creating build/ivan_1455_pkg/ivan_1455_pkg.egg-info
[0.512s] writing build/ivan_1455_pkg/ivan_1455_pkg.egg-info/PKG-INFO
[0.512s] writing dependency_links to build/ivan_1455_pkg/ivan_1455_pkg.egg-info/dependency_links.txt
[0.512s] writing entry points to build/ivan_1455_pkg/ivan_1455_pkg.egg-info/entry_points.txt
[0.513s] writing requirements to build/ivan_1455_pkg/ivan_1455_pkg.egg-info/requires.txt
[0.513s] writing top-level names to build/ivan_1455_pkg/ivan_1455_pkg.egg-info/top_level.txt
[0.513s] writing manifest file 'build/ivan_1455_pkg/ivan_1455_pkg.egg-info/SOURCES.txt'
[0.529s] reading manifest file 'build/ivan_1455_pkg/ivan_1455_pkg.egg-info/SOURCES.txt'
[0.529s] writing manifest file 'build/ivan_1455_pkg/ivan_1455_pkg.egg-info/SOURCES.txt'
[0.529s] running build
[0.529s] running build_py
[0.529s] creating /home/igsp-01/ros2_ws/src/ivan_1455_pkg/build/ivan_1455_pkg/build
[0.529s] creating /home/igsp-01/ros2_ws/src/ivan_1455_pkg/build/ivan_1455_pkg/build/lib
[0.529s] creating /home/igsp-01/ros2_ws/src/ivan_1455_pkg/build/ivan_1455_pkg/build/lib/ivan_1455_pkg
[0.529s] copying ivan_1455_pkg/timeNode.py -> /home/igsp-01/ros2_ws/src/ivan_1455_pkg/build/ivan_1455_pkg/build/lib/ivan_1455_pkg
[0.529s] copying ivan_1455_pkg/first_node.py -> /home/igsp-01/ros2_ws/src/ivan_1455_pkg/build/ivan_1455_pkg/build/lib/ivan_1455_pkg
[0.529s] copying ivan_1455_pkg/__init__.py -> /home/igsp-01/ros2_ws/src/ivan_1455_pkg/build/ivan_1455_pkg/build/lib/ivan_1455_pkg
[0.530s] running install
[0.533s] running install_lib
[0.541s] creating /home/igsp-01/ros2_ws/src/ivan_1455_pkg/install/ivan_1455_pkg/lib/python3.12/site-packages/ivan_1455_pkg
[0.541s] copying /home/igsp-01/ros2_ws/src/ivan_1455_pkg/build/ivan_1455_pkg/build/lib/ivan_1455_pkg/timeNode.py -> /home/igsp-01/ros2_ws/src/ivan_1455_pkg/install/ivan_1455_pkg/lib/python3.12/site-packages/ivan_1455_pkg
[0.541s] copying /home/igsp-01/ros2_ws/src/ivan_1455_pkg/build/ivan_1455_pkg/build/lib/ivan_1455_pkg/first_node.py -> /home/igsp-01/ros2_ws/src/ivan_1455_pkg/install/ivan_1455_pkg/lib/python3.12/site-packages/ivan_1455_pkg
[0.541s] copying /home/igsp-01/ros2_ws/src/ivan_1455_pkg/build/ivan_1455_pkg/build/lib/ivan_1455_pkg/__init__.py -> /home/igsp-01/ros2_ws/src/ivan_1455_pkg/install/ivan_1455_pkg/lib/python3.12/site-packages/ivan_1455_pkg
[0.542s] byte-compiling /home/igsp-01/ros2_ws/src/ivan_1455_pkg/install/ivan_1455_pkg/lib/python3.12/site-packages/ivan_1455_pkg/timeNode.py to timeNode.cpython-312.pyc
[0.542s] byte-compiling /home/igsp-01/ros2_ws/src/ivan_1455_pkg/install/ivan_1455_pkg/lib/python3.12/site-packages/ivan_1455_pkg/first_node.py to first_node.cpython-312.pyc
[0.542s] byte-compiling /home/igsp-01/ros2_ws/src/ivan_1455_pkg/install/ivan_1455_pkg/lib/python3.12/site-packages/ivan_1455_pkg/__init__.py to __init__.cpython-312.pyc
[0.542s] running install_data
[0.542s] creating /home/igsp-01/ros2_ws/src/ivan_1455_pkg/install/ivan_1455_pkg/share/ament_index
[0.542s] creating /home/igsp-01/ros2_ws/src/ivan_1455_pkg/install/ivan_1455_pkg/share/ament_index/resource_index
[0.542s] creating /home/igsp-01/ros2_ws/src/ivan_1455_pkg/install/ivan_1455_pkg/share/ament_index/resource_index/packages
[0.542s] copying resource/ivan_1455_pkg -> /home/igsp-01/ros2_ws/src/ivan_1455_pkg/install/ivan_1455_pkg/share/ament_index/resource_index/packages
[0.542s] copying package.xml -> /home/igsp-01/ros2_ws/src/ivan_1455_pkg/install/ivan_1455_pkg/share/ivan_1455_pkg
[0.542s] running install_egg_info
[0.551s] Copying build/ivan_1455_pkg/ivan_1455_pkg.egg-info to /home/igsp-01/ros2_ws/src/ivan_1455_pkg/install/ivan_1455_pkg/lib/python3.12/site-packages/ivan_1455_pkg-0.0.0-py3.12.egg-info
[0.551s] running install_scripts
[0.613s] Installing timeNode script to /home/igsp-01/ros2_ws/src/ivan_1455_pkg/install/ivan_1455_pkg/lib/ivan_1455_pkg
[0.613s] writing list of installed files to '/home/igsp-01/ros2_ws/src/ivan_1455_pkg/build/ivan_1455_pkg/install.log'
[0.630s] Invoked command in '/home/igsp-01/ros2_ws/src/ivan_1455_pkg' returned '0': PYTHONPATH=/home/igsp-01/ros2_ws/src/ivan_1455_pkg/build/ivan_1455_pkg/prefix_override:/usr/lib/python3/dist-packages/colcon_core/task/python/colcon_distutils_commands:/home/igsp-01/ros2_ws/src/ivan_1455_pkg/install/ivan_1455_pkg/lib/python3.12/site-packages:${PYTHONPATH} /usr/bin/python3 -W ignore:setup.py install is deprecated -W ignore:easy_install command is deprecated setup.py egg_info --egg-base build/ivan_1455_pkg build --build-base /home/igsp-01/ros2_ws/src/ivan_1455_pkg/build/ivan_1455_pkg/build install --record /home/igsp-01/ros2_ws/src/ivan_1455_pkg/build/ivan_1455_pkg/install.log --single-version-externally-managed install_data
