/home/igsp-01/ros2_ws/src/ivan_1455_pkg/install/ivan_1455_pkg/lib/python3.12/site-packages/ivan_1455_pkg/timeNode.py
/home/igsp-01/ros2_ws/src/ivan_1455_pkg/install/ivan_1455_pkg/lib/python3.12/site-packages/ivan_1455_pkg/first_node.py
/home/igsp-01/ros2_ws/src/ivan_1455_pkg/install/ivan_1455_pkg/lib/python3.12/site-packages/ivan_1455_pkg/even_number_publisher.py
/home/igsp-01/ros2_ws/src/ivan_1455_pkg/install/ivan_1455_pkg/lib/python3.12/site-packages/ivan_1455_pkg/overflow_listener.py
/home/igsp-01/ros2_ws/src/ivan_1455_pkg/install/ivan_1455_pkg/lib/python3.12/site-packages/ivan_1455_pkg/__init__.py
/home/igsp-01/ros2_ws/src/ivan_1455_pkg/install/ivan_1455_pkg/lib/python3.12/site-packages/ivan_1455_pkg/Talker.py
/home/igsp-01/ros2_ws/src/ivan_1455_pkg/install/ivan_1455_pkg/lib/python3.12/site-packages/ivan_1455_pkg/Listener.py
/home/igsp-01/ros2_ws/src/ivan_1455_pkg/install/ivan_1455_pkg/lib/python3.12/site-packages/ivan_1455_pkg/__pycache__/timeNode.cpython-312.pyc
/home/igsp-01/ros2_ws/src/ivan_1455_pkg/install/ivan_1455_pkg/lib/python3.12/site-packages/ivan_1455_pkg/__pycache__/first_node.cpython-312.pyc
/home/igsp-01/ros2_ws/src/ivan_1455_pkg/install/ivan_1455_pkg/lib/python3.12/site-packages/ivan_1455_pkg/__pycache__/even_number_publisher.cpython-312.pyc
/home/igsp-01/ros2_ws/src/ivan_1455_pkg/install/ivan_1455_pkg/lib/python3.12/site-packages/ivan_1455_pkg/__pycache__/overflow_listener.cpython-312.pyc
/home/igsp-01/ros2_ws/src/ivan_1455_pkg/install/ivan_1455_pkg/lib/python3.12/site-packages/ivan_1455_pkg/__pycache__/__init__.cpython-312.pyc
/home/igsp-01/ros2_ws/src/ivan_1455_pkg/install/ivan_1455_pkg/lib/python3.12/site-packages/ivan_1455_pkg/__pycache__/Talker.cpython-312.pyc
/home/igsp-01/ros2_ws/src/ivan_1455_pkg/install/ivan_1455_pkg/lib/python3.12/site-packages/ivan_1455_pkg/__pycache__/Listener.cpython-312.pyc
/home/igsp-01/ros2_ws/src/ivan_1455_pkg/install/ivan_1455_pkg/share/ament_index/resource_index/packages/ivan_1455_pkg
/home/igsp-01/ros2_ws/src/ivan_1455_pkg/install/ivan_1455_pkg/share/ivan_1455_pkg/package.xml
/home/igsp-01/ros2_ws/src/ivan_1455_pkg/install/ivan_1455_pkg/share/ivan_1455_pkg/launch/my_first_launch.launch.py
/home/igsp-01/ros2_ws/src/ivan_1455_pkg/install/ivan_1455_pkg/share/ivan_1455_pkg/launch/my_first_launch.py
/home/igsp-01/ros2_ws/src/ivan_1455_pkg/install/ivan_1455_pkg/share/ivan_1455_pkg/launch/robot_system_launch.py
/home/igsp-01/ros2_ws/src/ivan_1455_pkg/install/ivan_1455_pkg/lib/python3.12/site-packages/ivan_1455_pkg-0.0.0-py3.12.egg-info/requires.txt
/home/igsp-01/ros2_ws/src/ivan_1455_pkg/install/ivan_1455_pkg/lib/python3.12/site-packages/ivan_1455_pkg-0.0.0-py3.12.egg-info/entry_points.txt
/home/igsp-01/ros2_ws/src/ivan_1455_pkg/install/ivan_1455_pkg/lib/python3.12/site-packages/ivan_1455_pkg-0.0.0-py3.12.egg-info/dependency_links.txt
/home/igsp-01/ros2_ws/src/ivan_1455_pkg/install/ivan_1455_pkg/lib/python3.12/site-packages/ivan_1455_pkg-0.0.0-py3.12.egg-info/zip-safe
/home/igsp-01/ros2_ws/src/ivan_1455_pkg/install/ivan_1455_pkg/lib/python3.12/site-packages/ivan_1455_pkg-0.0.0-py3.12.egg-info/top_level.txt
/home/igsp-01/ros2_ws/src/ivan_1455_pkg/install/ivan_1455_pkg/lib/python3.12/site-packages/ivan_1455_pkg-0.0.0-py3.12.egg-info/SOURCES.txt
/home/igsp-01/ros2_ws/src/ivan_1455_pkg/install/ivan_1455_pkg/lib/python3.12/site-packages/ivan_1455_pkg-0.0.0-py3.12.egg-info/PKG-INFO
/home/igsp-01/ros2_ws/src/ivan_1455_pkg/install/ivan_1455_pkg/lib/ivan_1455_pkg/even_number_publisher
/home/igsp-01/ros2_ws/src/ivan_1455_pkg/install/ivan_1455_pkg/lib/ivan_1455_pkg/overflow_listener
