running egg_info
creating build/ivan_1455_pkg/ivan_1455_pkg.egg-info
writing build/ivan_1455_pkg/ivan_1455_pkg.egg-info/PKG-INFO
writing dependency_links to build/ivan_1455_pkg/ivan_1455_pkg.egg-info/dependency_links.txt
writing entry points to build/ivan_1455_pkg/ivan_1455_pkg.egg-info/entry_points.txt
writing requirements to build/ivan_1455_pkg/ivan_1455_pkg.egg-info/requires.txt
writing top-level names to build/ivan_1455_pkg/ivan_1455_pkg.egg-info/top_level.txt
writing manifest file 'build/ivan_1455_pkg/ivan_1455_pkg.egg-info/SOURCES.txt'
reading manifest file 'build/ivan_1455_pkg/ivan_1455_pkg.egg-info/SOURCES.txt'
writing manifest file 'build/ivan_1455_pkg/ivan_1455_pkg.egg-info/SOURCES.txt'
running build
running build_py
creating /home/igsp-01/ros2_ws/src/ivan_1455_pkg/build/ivan_1455_pkg/build
creating /home/igsp-01/ros2_ws/src/ivan_1455_pkg/build/ivan_1455_pkg/build/lib
creating /home/igsp-01/ros2_ws/src/ivan_1455_pkg/build/ivan_1455_pkg/build/lib/ivan_1455_pkg
copying ivan_1455_pkg/timeNode.py -> /home/igsp-01/ros2_ws/src/ivan_1455_pkg/build/ivan_1455_pkg/build/lib/ivan_1455_pkg
copying ivan_1455_pkg/first_node.py -> /home/igsp-01/ros2_ws/src/ivan_1455_pkg/build/ivan_1455_pkg/build/lib/ivan_1455_pkg
copying ivan_1455_pkg/even_number_publisher.py -> /home/igsp-01/ros2_ws/src/ivan_1455_pkg/build/ivan_1455_pkg/build/lib/ivan_1455_pkg
copying ivan_1455_pkg/overflow_listener.py -> /home/igsp-01/ros2_ws/src/ivan_1455_pkg/build/ivan_1455_pkg/build/lib/ivan_1455_pkg
copying ivan_1455_pkg/__init__.py -> /home/igsp-01/ros2_ws/src/ivan_1455_pkg/build/ivan_1455_pkg/build/lib/ivan_1455_pkg
copying ivan_1455_pkg/Talker.py -> /home/igsp-01/ros2_ws/src/ivan_1455_pkg/build/ivan_1455_pkg/build/lib/ivan_1455_pkg
copying ivan_1455_pkg/Listener.py -> /home/igsp-01/ros2_ws/src/ivan_1455_pkg/build/ivan_1455_pkg/build/lib/ivan_1455_pkg
running install
running install_lib
creating /home/igsp-01/ros2_ws/src/ivan_1455_pkg/install/ivan_1455_pkg/lib/python3.12/site-packages/ivan_1455_pkg
copying /home/igsp-01/ros2_ws/src/ivan_1455_pkg/build/ivan_1455_pkg/build/lib/ivan_1455_pkg/timeNode.py -> /home/igsp-01/ros2_ws/src/ivan_1455_pkg/install/ivan_1455_pkg/lib/python3.12/site-packages/ivan_1455_pkg
copying /home/igsp-01/ros2_ws/src/ivan_1455_pkg/build/ivan_1455_pkg/build/lib/ivan_1455_pkg/first_node.py -> /home/igsp-01/ros2_ws/src/ivan_1455_pkg/install/ivan_1455_pkg/lib/python3.12/site-packages/ivan_1455_pkg
copying /home/igsp-01/ros2_ws/src/ivan_1455_pkg/build/ivan_1455_pkg/build/lib/ivan_1455_pkg/even_number_publisher.py -> /home/igsp-01/ros2_ws/src/ivan_1455_pkg/install/ivan_1455_pkg/lib/python3.12/site-packages/ivan_1455_pkg
copying /home/igsp-01/ros2_ws/src/ivan_1455_pkg/build/ivan_1455_pkg/build/lib/ivan_1455_pkg/overflow_listener.py -> /home/igsp-01/ros2_ws/src/ivan_1455_pkg/install/ivan_1455_pkg/lib/python3.12/site-packages/ivan_1455_pkg
copying /home/igsp-01/ros2_ws/src/ivan_1455_pkg/build/ivan_1455_pkg/build/lib/ivan_1455_pkg/__init__.py -> /home/igsp-01/ros2_ws/src/ivan_1455_pkg/install/ivan_1455_pkg/lib/python3.12/site-packages/ivan_1455_pkg
copying /home/igsp-01/ros2_ws/src/ivan_1455_pkg/build/ivan_1455_pkg/build/lib/ivan_1455_pkg/Talker.py -> /home/igsp-01/ros2_ws/src/ivan_1455_pkg/install/ivan_1455_pkg/lib/python3.12/site-packages/ivan_1455_pkg
copying /home/igsp-01/ros2_ws/src/ivan_1455_pkg/build/ivan_1455_pkg/build/lib/ivan_1455_pkg/Listener.py -> /home/igsp-01/ros2_ws/src/ivan_1455_pkg/install/ivan_1455_pkg/lib/python3.12/site-packages/ivan_1455_pkg
byte-compiling /home/igsp-01/ros2_ws/src/ivan_1455_pkg/install/ivan_1455_pkg/lib/python3.12/site-packages/ivan_1455_pkg/timeNode.py to timeNode.cpython-312.pyc
byte-compiling /home/igsp-01/ros2_ws/src/ivan_1455_pkg/install/ivan_1455_pkg/lib/python3.12/site-packages/ivan_1455_pkg/first_node.py to first_node.cpython-312.pyc
byte-compiling /home/igsp-01/ros2_ws/src/ivan_1455_pkg/install/ivan_1455_pkg/lib/python3.12/site-packages/ivan_1455_pkg/even_number_publisher.py to even_number_publisher.cpython-312.pyc
byte-compiling /home/igsp-01/ros2_ws/src/ivan_1455_pkg/install/ivan_1455_pkg/lib/python3.12/site-packages/ivan_1455_pkg/overflow_listener.py to overflow_listener.cpython-312.pyc
byte-compiling /home/igsp-01/ros2_ws/src/ivan_1455_pkg/install/ivan_1455_pkg/lib/python3.12/site-packages/ivan_1455_pkg/__init__.py to __init__.cpython-312.pyc
byte-compiling /home/igsp-01/ros2_ws/src/ivan_1455_pkg/install/ivan_1455_pkg/lib/python3.12/site-packages/ivan_1455_pkg/Talker.py to Talker.cpython-312.pyc
byte-compiling /home/igsp-01/ros2_ws/src/ivan_1455_pkg/install/ivan_1455_pkg/lib/python3.12/site-packages/ivan_1455_pkg/Listener.py to Listener.cpython-312.pyc
running install_data
creating /home/igsp-01/ros2_ws/src/ivan_1455_pkg/install/ivan_1455_pkg/share/ament_index
creating /home/igsp-01/ros2_ws/src/ivan_1455_pkg/install/ivan_1455_pkg/share/ament_index/resource_index
creating /home/igsp-01/ros2_ws/src/ivan_1455_pkg/install/ivan_1455_pkg/share/ament_index/resource_index/packages
copying resource/ivan_1455_pkg -> /home/igsp-01/ros2_ws/src/ivan_1455_pkg/install/ivan_1455_pkg/share/ament_index/resource_index/packages
copying package.xml -> /home/igsp-01/ros2_ws/src/ivan_1455_pkg/install/ivan_1455_pkg/share/ivan_1455_pkg
creating /home/igsp-01/ros2_ws/src/ivan_1455_pkg/install/ivan_1455_pkg/share/ivan_1455_pkg/launch
copying launch/my_first_launch.launch.py -> /home/igsp-01/ros2_ws/src/ivan_1455_pkg/install/ivan_1455_pkg/share/ivan_1455_pkg/launch
copying launch/my_first_launch.py -> /home/igsp-01/ros2_ws/src/ivan_1455_pkg/install/ivan_1455_pkg/share/ivan_1455_pkg/launch
copying launch/robot_system_launch.py -> /home/igsp-01/ros2_ws/src/ivan_1455_pkg/install/ivan_1455_pkg/share/ivan_1455_pkg/launch
running install_egg_info
Copying build/ivan_1455_pkg/ivan_1455_pkg.egg-info to /home/igsp-01/ros2_ws/src/ivan_1455_pkg/install/ivan_1455_pkg/lib/python3.12/site-packages/ivan_1455_pkg-0.0.0-py3.12.egg-info
running install_scripts
Installing even_number_publisher script to /home/igsp-01/ros2_ws/src/ivan_1455_pkg/install/ivan_1455_pkg/lib/ivan_1455_pkg
Installing overflow_listener script to /home/igsp-01/ros2_ws/src/ivan_1455_pkg/install/ivan_1455_pkg/lib/ivan_1455_pkg
writing list of installed files to '/home/igsp-01/ros2_ws/src/ivan_1455_pkg/build/ivan_1455_pkg/install.log'
