[0.377s] Invoking command in '/home/igsp-01/ros2_ws/src/ivan_1455_pkg': PYTHONPATH=/home/igsp-01/ros2_ws/src/ivan_1455_pkg/build/ivan_1455_pkg/prefix_override:/usr/lib/python3/dist-packages/colcon_core/task/python/colcon_distutils_commands:/home/igsp-01/ros2_ws/src/ivan_1455_pkg/install/ivan_1455_pkg/lib/python3.12/site-packages:${PYTHONPATH} /usr/bin/python3 -W ignore:setup.py install is deprecated -W ignore:easy_install command is deprecated setup.py egg_info --egg-base build/ivan_1455_pkg build --build-base /home/igsp-01/ros2_ws/src/ivan_1455_pkg/build/ivan_1455_pkg/build install --record /home/igsp-01/ros2_ws/src/ivan_1455_pkg/build/ivan_1455_pkg/install.log --single-version-externally-managed install_data
[0.500s] running egg_info
[0.500s] creating build/ivan_1455_pkg/ivan_1455_pkg.egg-info
[0.508s] writing build/ivan_1455_pkg/ivan_1455_pkg.egg-info/PKG-INFO
[0.508s] writing dependency_links to build/ivan_1455_pkg/ivan_1455_pkg.egg-info/dependency_links.txt
[0.508s] writing entry points to build/ivan_1455_pkg/ivan_1455_pkg.egg-info/entry_points.txt
[0.508s] writing requirements to build/ivan_1455_pkg/ivan_1455_pkg.egg-info/requires.txt
[0.508s] writing top-level names to build/ivan_1455_pkg/ivan_1455_pkg.egg-info/top_level.txt
[0.508s] writing manifest file 'build/ivan_1455_pkg/ivan_1455_pkg.egg-info/SOURCES.txt'
[0.526s] reading manifest file 'build/ivan_1455_pkg/ivan_1455_pkg.egg-info/SOURCES.txt'
[0.526s] writing manifest file 'build/ivan_1455_pkg/ivan_1455_pkg.egg-info/SOURCES.txt'
[0.526s] running build
[0.526s] running build_py
[0.526s] creating /home/igsp-01/ros2_ws/src/ivan_1455_pkg/build/ivan_1455_pkg/build
[0.526s] creating /home/igsp-01/ros2_ws/src/ivan_1455_pkg/build/ivan_1455_pkg/build/lib
[0.527s] creating /home/igsp-01/ros2_ws/src/ivan_1455_pkg/build/ivan_1455_pkg/build/lib/ivan_1455_pkg
[0.527s] copying ivan_1455_pkg/timeNode.py -> /home/igsp-01/ros2_ws/src/ivan_1455_pkg/build/ivan_1455_pkg/build/lib/ivan_1455_pkg
[0.527s] copying ivan_1455_pkg/first_node.py -> /home/igsp-01/ros2_ws/src/ivan_1455_pkg/build/ivan_1455_pkg/build/lib/ivan_1455_pkg
[0.527s] copying ivan_1455_pkg/even_number_publisher.py -> /home/igsp-01/ros2_ws/src/ivan_1455_pkg/build/ivan_1455_pkg/build/lib/ivan_1455_pkg
[0.527s] copying ivan_1455_pkg/overflow_listener.py -> /home/igsp-01/ros2_ws/src/ivan_1455_pkg/build/ivan_1455_pkg/build/lib/ivan_1455_pkg
[0.527s] copying ivan_1455_pkg/__init__.py -> /home/igsp-01/ros2_ws/src/ivan_1455_pkg/build/ivan_1455_pkg/build/lib/ivan_1455_pkg
[0.527s] copying ivan_1455_pkg/Talker.py -> /home/igsp-01/ros2_ws/src/ivan_1455_pkg/build/ivan_1455_pkg/build/lib/ivan_1455_pkg
[0.527s] copying ivan_1455_pkg/Listener.py -> /home/igsp-01/ros2_ws/src/ivan_1455_pkg/build/ivan_1455_pkg/build/lib/ivan_1455_pkg
[0.527s] running install
[0.531s] running install_lib
[0.540s] creating /home/igsp-01/ros2_ws/src/ivan_1455_pkg/install/ivan_1455_pkg/lib/python3.12/site-packages/ivan_1455_pkg
[0.540s] copying /home/igsp-01/ros2_ws/src/ivan_1455_pkg/build/ivan_1455_pkg/build/lib/ivan_1455_pkg/timeNode.py -> /home/igsp-01/ros2_ws/src/ivan_1455_pkg/install/ivan_1455_pkg/lib/python3.12/site-packages/ivan_1455_pkg
[0.540s] copying /home/igsp-01/ros2_ws/src/ivan_1455_pkg/build/ivan_1455_pkg/build/lib/ivan_1455_pkg/first_node.py -> /home/igsp-01/ros2_ws/src/ivan_1455_pkg/install/ivan_1455_pkg/lib/python3.12/site-packages/ivan_1455_pkg
[0.540s] copying /home/igsp-01/ros2_ws/src/ivan_1455_pkg/build/ivan_1455_pkg/build/lib/ivan_1455_pkg/even_number_publisher.py -> /home/igsp-01/ros2_ws/src/ivan_1455_pkg/install/ivan_1455_pkg/lib/python3.12/site-packages/ivan_1455_pkg
[0.540s] copying /home/igsp-01/ros2_ws/src/ivan_1455_pkg/build/ivan_1455_pkg/build/lib/ivan_1455_pkg/overflow_listener.py -> /home/igsp-01/ros2_ws/src/ivan_1455_pkg/install/ivan_1455_pkg/lib/python3.12/site-packages/ivan_1455_pkg
[0.540s] copying /home/igsp-01/ros2_ws/src/ivan_1455_pkg/build/ivan_1455_pkg/build/lib/ivan_1455_pkg/__init__.py -> /home/igsp-01/ros2_ws/src/ivan_1455_pkg/install/ivan_1455_pkg/lib/python3.12/site-packages/ivan_1455_pkg
[0.540s] copying /home/igsp-01/ros2_ws/src/ivan_1455_pkg/build/ivan_1455_pkg/build/lib/ivan_1455_pkg/Talker.py -> /home/igsp-01/ros2_ws/src/ivan_1455_pkg/install/ivan_1455_pkg/lib/python3.12/site-packages/ivan_1455_pkg
[0.540s] copying /home/igsp-01/ros2_ws/src/ivan_1455_pkg/build/ivan_1455_pkg/build/lib/ivan_1455_pkg/Listener.py -> /home/igsp-01/ros2_ws/src/ivan_1455_pkg/install/ivan_1455_pkg/lib/python3.12/site-packages/ivan_1455_pkg
[0.541s] byte-compiling /home/igsp-01/ros2_ws/src/ivan_1455_pkg/install/ivan_1455_pkg/lib/python3.12/site-packages/ivan_1455_pkg/timeNode.py to timeNode.cpython-312.pyc
[0.541s] byte-compiling /home/igsp-01/ros2_ws/src/ivan_1455_pkg/install/ivan_1455_pkg/lib/python3.12/site-packages/ivan_1455_pkg/first_node.py to first_node.cpython-312.pyc
[0.541s] byte-compiling /home/igsp-01/ros2_ws/src/ivan_1455_pkg/install/ivan_1455_pkg/lib/python3.12/site-packages/ivan_1455_pkg/even_number_publisher.py to even_number_publisher.cpython-312.pyc
[0.542s] byte-compiling /home/igsp-01/ros2_ws/src/ivan_1455_pkg/install/ivan_1455_pkg/lib/python3.12/site-packages/ivan_1455_pkg/overflow_listener.py to overflow_listener.cpython-312.pyc
[0.542s] byte-compiling /home/igsp-01/ros2_ws/src/ivan_1455_pkg/install/ivan_1455_pkg/lib/python3.12/site-packages/ivan_1455_pkg/__init__.py to __init__.cpython-312.pyc
[0.542s] byte-compiling /home/igsp-01/ros2_ws/src/ivan_1455_pkg/install/ivan_1455_pkg/lib/python3.12/site-packages/ivan_1455_pkg/Talker.py to Talker.cpython-312.pyc
[0.542s] byte-compiling /home/igsp-01/ros2_ws/src/ivan_1455_pkg/install/ivan_1455_pkg/lib/python3.12/site-packages/ivan_1455_pkg/Listener.py to Listener.cpython-312.pyc
[0.543s] running install_data
[0.543s] creating /home/igsp-01/ros2_ws/src/ivan_1455_pkg/install/ivan_1455_pkg/share/ament_index
[0.543s] creating /home/igsp-01/ros2_ws/src/ivan_1455_pkg/install/ivan_1455_pkg/share/ament_index/resource_index
[0.543s] creating /home/igsp-01/ros2_ws/src/ivan_1455_pkg/install/ivan_1455_pkg/share/ament_index/resource_index/packages
[0.543s] copying resource/ivan_1455_pkg -> /home/igsp-01/ros2_ws/src/ivan_1455_pkg/install/ivan_1455_pkg/share/ament_index/resource_index/packages
[0.543s] copying package.xml -> /home/igsp-01/ros2_ws/src/ivan_1455_pkg/install/ivan_1455_pkg/share/ivan_1455_pkg
[0.543s] creating /home/igsp-01/ros2_ws/src/ivan_1455_pkg/install/ivan_1455_pkg/share/ivan_1455_pkg/launch
[0.543s] copying launch/my_first_launch.launch.py -> /home/igsp-01/ros2_ws/src/ivan_1455_pkg/install/ivan_1455_pkg/share/ivan_1455_pkg/launch
[0.543s] copying launch/my_first_launch.py -> /home/igsp-01/ros2_ws/src/ivan_1455_pkg/install/ivan_1455_pkg/share/ivan_1455_pkg/launch
[0.543s] copying launch/robot_system_launch.py -> /home/igsp-01/ros2_ws/src/ivan_1455_pkg/install/ivan_1455_pkg/share/ivan_1455_pkg/launch
[0.543s] running install_egg_info
[0.552s] Copying build/ivan_1455_pkg/ivan_1455_pkg.egg-info to /home/igsp-01/ros2_ws/src/ivan_1455_pkg/install/ivan_1455_pkg/lib/python3.12/site-packages/ivan_1455_pkg-0.0.0-py3.12.egg-info
[0.553s] running install_scripts
[0.615s] Installing even_number_publisher script to /home/igsp-01/ros2_ws/src/ivan_1455_pkg/install/ivan_1455_pkg/lib/ivan_1455_pkg
[0.615s] Installing overflow_listener script to /home/igsp-01/ros2_ws/src/ivan_1455_pkg/install/ivan_1455_pkg/lib/ivan_1455_pkg
[0.615s] writing list of installed files to '/home/igsp-01/ros2_ws/src/ivan_1455_pkg/build/ivan_1455_pkg/install.log'
[0.632s] Invoked command in '/home/igsp-01/ros2_ws/src/ivan_1455_pkg' returned '0': PYTHONPATH=/home/igsp-01/ros2_ws/src/ivan_1455_pkg/build/ivan_1455_pkg/prefix_override:/usr/lib/python3/dist-packages/colcon_core/task/python/colcon_distutils_commands:/home/igsp-01/ros2_ws/src/ivan_1455_pkg/install/ivan_1455_pkg/lib/python3.12/site-packages:${PYTHONPATH} /usr/bin/python3 -W ignore:setup.py install is deprecated -W ignore:easy_install command is deprecated setup.py egg_info --egg-base build/ivan_1455_pkg build --build-base /home/igsp-01/ros2_ws/src/ivan_1455_pkg/build/ivan_1455_pkg/build install --record /home/igsp-01/ros2_ws/src/ivan_1455_pkg/build/ivan_1455_pkg/install.log --single-version-externally-managed install_data
