[0.478s] Invoking command in '/home/igsp-01/ros2_ws/src/ivan_1455_pkg': PYTHONPATH=/home/igsp-01/ros2_ws/src/ivan_1455_pkg/build/ivan_1455_pkg/prefix_override:/usr/lib/python3/dist-packages/colcon_core/task/python/colcon_distutils_commands:/home/igsp-01/ros2_ws/src/ivan_1455_pkg/install/ivan_1455_pkg/lib/python3.12/site-packages:${PYTHONPATH} /usr/bin/python3 -W ignore:setup.py install is deprecated -W ignore:easy_install command is deprecated setup.py egg_info --egg-base build/ivan_1455_pkg build --build-base /home/igsp-01/ros2_ws/src/ivan_1455_pkg/build/ivan_1455_pkg/build install --record /home/igsp-01/ros2_ws/src/ivan_1455_pkg/build/ivan_1455_pkg/install.log --single-version-externally-managed install_data
[0.603s] running egg_info
[0.611s] writing build/ivan_1455_pkg/ivan_1455_pkg.egg-info/PKG-INFO
[0.611s] writing dependency_links to build/ivan_1455_pkg/ivan_1455_pkg.egg-info/dependency_links.txt
[0.611s] writing entry points to build/ivan_1455_pkg/ivan_1455_pkg.egg-info/entry_points.txt
[0.611s] writing requirements to build/ivan_1455_pkg/ivan_1455_pkg.egg-info/requires.txt
[0.611s] writing top-level names to build/ivan_1455_pkg/ivan_1455_pkg.egg-info/top_level.txt
[0.627s] reading manifest file 'build/ivan_1455_pkg/ivan_1455_pkg.egg-info/SOURCES.txt'
[0.628s] writing manifest file 'build/ivan_1455_pkg/ivan_1455_pkg.egg-info/SOURCES.txt'
[0.628s] running build
[0.628s] running build_py
[0.628s] copying ivan_1455_pkg/even_number_publisher.py -> /home/igsp-01/ros2_ws/src/ivan_1455_pkg/build/ivan_1455_pkg/build/lib/ivan_1455_pkg
[0.629s] copying ivan_1455_pkg/Talker.py -> /home/igsp-01/ros2_ws/src/ivan_1455_pkg/build/ivan_1455_pkg/build/lib/ivan_1455_pkg
[0.629s] copying ivan_1455_pkg/Listener.py -> /home/igsp-01/ros2_ws/src/ivan_1455_pkg/build/ivan_1455_pkg/build/lib/ivan_1455_pkg
[0.629s] running install
[0.632s] running install_lib
[0.641s] copying /home/igsp-01/ros2_ws/src/ivan_1455_pkg/build/ivan_1455_pkg/build/lib/ivan_1455_pkg/even_number_publisher.py -> /home/igsp-01/ros2_ws/src/ivan_1455_pkg/install/ivan_1455_pkg/lib/python3.12/site-packages/ivan_1455_pkg
[0.641s] copying /home/igsp-01/ros2_ws/src/ivan_1455_pkg/build/ivan_1455_pkg/build/lib/ivan_1455_pkg/Talker.py -> /home/igsp-01/ros2_ws/src/ivan_1455_pkg/install/ivan_1455_pkg/lib/python3.12/site-packages/ivan_1455_pkg
[0.641s] copying /home/igsp-01/ros2_ws/src/ivan_1455_pkg/build/ivan_1455_pkg/build/lib/ivan_1455_pkg/Listener.py -> /home/igsp-01/ros2_ws/src/ivan_1455_pkg/install/ivan_1455_pkg/lib/python3.12/site-packages/ivan_1455_pkg
[0.641s] byte-compiling /home/igsp-01/ros2_ws/src/ivan_1455_pkg/install/ivan_1455_pkg/lib/python3.12/site-packages/ivan_1455_pkg/even_number_publisher.py to even_number_publisher.cpython-312.pyc
[0.641s] byte-compiling /home/igsp-01/ros2_ws/src/ivan_1455_pkg/install/ivan_1455_pkg/lib/python3.12/site-packages/ivan_1455_pkg/Talker.py to Talker.cpython-312.pyc
[0.641s] byte-compiling /home/igsp-01/ros2_ws/src/ivan_1455_pkg/install/ivan_1455_pkg/lib/python3.12/site-packages/ivan_1455_pkg/Listener.py to Listener.cpython-312.pyc
[0.641s] running install_data
[0.642s] running install_egg_info
[0.650s] removing '/home/igsp-01/ros2_ws/src/ivan_1455_pkg/install/ivan_1455_pkg/lib/python3.12/site-packages/ivan_1455_pkg-0.0.0-py3.12.egg-info' (and everything under it)
[0.651s] Copying build/ivan_1455_pkg/ivan_1455_pkg.egg-info to /home/igsp-01/ros2_ws/src/ivan_1455_pkg/install/ivan_1455_pkg/lib/python3.12/site-packages/ivan_1455_pkg-0.0.0-py3.12.egg-info
[0.651s] running install_scripts
[0.712s] Installing even_number_publisher script to /home/igsp-01/ros2_ws/src/ivan_1455_pkg/install/ivan_1455_pkg/lib/ivan_1455_pkg
[0.712s] writing list of installed files to '/home/igsp-01/ros2_ws/src/ivan_1455_pkg/build/ivan_1455_pkg/install.log'
[0.733s] Invoked command in '/home/igsp-01/ros2_ws/src/ivan_1455_pkg' returned '0': PYTHONPATH=/home/igsp-01/ros2_ws/src/ivan_1455_pkg/build/ivan_1455_pkg/prefix_override:/usr/lib/python3/dist-packages/colcon_core/task/python/colcon_distutils_commands:/home/igsp-01/ros2_ws/src/ivan_1455_pkg/install/ivan_1455_pkg/lib/python3.12/site-packages:${PYTHONPATH} /usr/bin/python3 -W ignore:setup.py install is deprecated -W ignore:easy_install command is deprecated setup.py egg_info --egg-base build/ivan_1455_pkg build --build-base /home/igsp-01/ros2_ws/src/ivan_1455_pkg/build/ivan_1455_pkg/build install --record /home/igsp-01/ros2_ws/src/ivan_1455_pkg/build/ivan_1455_pkg/install.log --single-version-externally-managed install_data
